[     169ms] [ERROR] Failed to load resource: the server responded with a status of 404 (Not Found) @ http://localhost:8787/favicon.ico:0
[     900ms] [ERROR] Access to fetch at 'https://api.coingecko.com/api/v3/simple/price?ids=bitcoin,ethereum,solana&vs_currencies=usd' from origin 'http://localhost:8787' has been blocked by CORS policy: No 'Access-Control-Allow-Origin' header is present on the requested resource. @ http://localhost:8787/:0
[     901ms] [ERROR] Failed to load resource: net::ERR_FAILED @ https://api.coingecko.com/api/v3/simple/price?ids=bitcoin,ethereum,solana&vs_currencies=usd:0
[     901ms] [WARNING] CoinGecko fetch failed: TypeError: Failed to fetch
    at fetchLivePrices (http://localhost:8787/:605:23)
    at refreshAll (http://localhost:8787/:673:13) @ http://localhost:8787/:614
[   39921ms] [ERROR] Failed to load resource: net::ERR_EMPTY_RESPONSE @ http://localhost:8787/api/prices:0
[   39923ms] [ERROR] Failed to load resource: net::ERR_CONNECTION_REFUSED @ http://localhost:8787/api/update-prices:0
[   39923ms] [WARNING] Price push failed: TypeError: Failed to fetch
    at apiPost (http://localhost:8787/:565:23)
    at fetchLivePrices (http://localhost:8787/:631:15)
    at async refreshAll (http://localhost:8787/:673:7) @ http://localhost:8787/:631
[   39925ms] [ERROR] Failed to load resource: net::ERR_CONNECTION_REFUSED @ http://localhost:8787/api/portfolio:0
[   60076ms] [ERROR] Failed to load resource: net::ERR_CONNECTION_REFUSED @ http://localhost:8787/api/portfolio:0
[   60076ms] [ERROR] Refresh error: TypeError: Failed to fetch
    at apiGet (http://localhost:8787/:559:23)
    at fetchPortfolio (http://localhost:8787/:638:23)
    at refreshAll (http://localhost:8787/:660:26) @ http://localhost:8787/:665
[   60077ms] [ERROR] Failed to load resource: net::ERR_CONNECTION_REFUSED @ http://localhost:8787/api/signals:0
[   60077ms] [ERROR] Failed to load resource: net::ERR_CONNECTION_REFUSED @ http://localhost:8787/api/history:0
[   60319ms] [ERROR] Access to fetch at 'https://api.coingecko.com/api/v3/simple/price?ids=bitcoin,ethereum,solana&vs_currencies=usd' from origin 'http://localhost:8787' has been blocked by CORS policy: No 'Access-Control-Allow-Origin' header is present on the requested resource. @ http://localhost:8787/:0
[   60319ms] [ERROR] Failed to load resource: net::ERR_FAILED @ https://api.coingecko.com/api/v3/simple/price?ids=bitcoin,ethereum,solana&vs_currencies=usd:0
[   60319ms] [WARNING] CoinGecko fetch failed: TypeError: Failed to fetch
    at fetchLivePrices (http://localhost:8787/:605:23)
    at refreshAll (http://localhost:8787/:673:13) @ http://localhost:8787/:614
[   60321ms] [ERROR] Failed to load resource: net::ERR_CONNECTION_REFUSED @ http://localhost:8787/api/prices:0
[   60322ms] [ERROR] Failed to load resource: net::ERR_CONNECTION_REFUSED @ http://localhost:8787/api/portfolio:0
[   90350ms] [ERROR] Access to fetch at 'https://api.coingecko.com/api/v3/simple/price?ids=bitcoin,ethereum,solana&vs_currencies=usd' from origin 'http://localhost:8787' has been blocked by CORS policy: No 'Access-Control-Allow-Origin' header is present on the requested resource. @ http://localhost:8787/:0
[   90350ms] [ERROR] Failed to load resource: net::ERR_FAILED @ https://api.coingecko.com/api/v3/simple/price?ids=bitcoin,ethereum,solana&vs_currencies=usd:0
[   90350ms] [WARNING] CoinGecko fetch failed: TypeError: Failed to fetch
    at fetchLivePrices (http://localhost:8787/:605:23)
    at refreshAll (http://localhost:8787/:673:13) @ http://localhost:8787/:614
[  120346ms] [ERROR] Access to fetch at 'https://api.coingecko.com/api/v3/simple/price?ids=bitcoin,ethereum,solana&vs_currencies=usd' from origin 'http://localhost:8787' has been blocked by CORS policy: No 'Access-Control-Allow-Origin' header is present on the requested resource. @ http://localhost:8787/:0
[  120346ms] [ERROR] Failed to load resource: net::ERR_FAILED @ https://api.coingecko.com/api/v3/simple/price?ids=bitcoin,ethereum,solana&vs_currencies=usd:0
[  120346ms] [WARNING] CoinGecko fetch failed: TypeError: Failed to fetch
    at fetchLivePrices (http://localhost:8787/:605:23)
    at refreshAll (http://localhost:8787/:673:13) @ http://localhost:8787/:614
[  371584ms] [ERROR] Access to fetch at 'https://api.coingecko.com/api/v3/simple/price?ids=bitcoin,ethereum,solana&vs_currencies=usd' from origin 'http://localhost:8787' has been blocked by CORS policy: No 'Access-Control-Allow-Origin' header is present on the requested resource. @ http://localhost:8787/:0
[  371585ms] [ERROR] Failed to load resource: net::ERR_FAILED @ https://api.coingecko.com/api/v3/simple/price?ids=bitcoin,ethereum,solana&vs_currencies=usd:0
[  371585ms] [WARNING] CoinGecko fetch failed: TypeError: Failed to fetch
    at fetchLivePrices (http://localhost:8787/:605:23)
    at refreshAll (http://localhost:8787/:673:13) @ http://localhost:8787/:614
[  240198ms] [ERROR] Access to fetch at 'https://api.coingecko.com/api/v3/simple/price?ids=bitcoin,ethereum,solana&vs_currencies=usd' from origin 'http://localhost:8787' has been blocked by CORS policy: No 'Access-Control-Allow-Origin' header is present on the requested resource. @ http://localhost:8787/:0
[  240198ms] [ERROR] Failed to load resource: net::ERR_FAILED @ https://api.coingecko.com/api/v3/simple/price?ids=bitcoin,ethereum,solana&vs_currencies=usd:0
[  240198ms] [WARNING] CoinGecko fetch failed: TypeError: Failed to fetch
    at fetchLivePrices (http://localhost:8787/:605:23)
    at refreshAll (http://localhost:8787/:673:13) @ http://localhost:8787/:614
[  270187ms] [ERROR] Access to fetch at 'https://api.coingecko.com/api/v3/simple/price?ids=bitcoin,ethereum,solana&vs_currencies=usd' from origin 'http://localhost:8787' has been blocked by CORS policy: No 'Access-Control-Allow-Origin' header is present on the requested resource. @ http://localhost:8787/:0
[  270188ms] [ERROR] Failed to load resource: net::ERR_FAILED @ https://api.coingecko.com/api/v3/simple/price?ids=bitcoin,ethereum,solana&vs_currencies=usd:0
[  270188ms] [WARNING] CoinGecko fetch failed: TypeError: Failed to fetch
    at fetchLivePrices (http://localhost:8787/:605:23)
    at refreshAll (http://localhost:8787/:673:13) @ http://localhost:8787/:614
[  472557ms] [ERROR] Failed to load resource: net::ERR_EMPTY_RESPONSE @ http://localhost:8787/api/prices:0
[  472560ms] [ERROR] Failed to load resource: net::ERR_CONNECTION_REFUSED @ http://localhost:8787/api/update-prices:0
[  472560ms] [WARNING] Price push failed: TypeError: Failed to fetch
    at apiPost (http://localhost:8787/:565:23)
    at fetchLivePrices (http://localhost:8787/:631:15)
    at async refreshAll (http://localhost:8787/:673:7) @ http://localhost:8787/:631
[  472562ms] [ERROR] Failed to load resource: net::ERR_CONNECTION_REFUSED @ http://localhost:8787/api/portfolio:0
