[     174ms] [ERROR] Failed to load resource: the server responded with a status of 404 (Not Found) @ http://localhost:8787/favicon.ico:0
[   60315ms] [ERROR] Access to fetch at 'https://api.coingecko.com/api/v3/simple/price?ids=bitcoin,ethereum,solana&vs_currencies=usd' from origin 'http://localhost:8787' has been blocked by CORS policy: No 'Access-Control-Allow-Origin' header is present on the requested resource. @ http://localhost:8787/:0
[   60317ms] [ERROR] Failed to load resource: net::ERR_FAILED @ https://api.coingecko.com/api/v3/simple/price?ids=bitcoin,ethereum,solana&vs_currencies=usd:0
[   60317ms] [WARNING] CoinGecko fetch failed: TypeError: Failed to fetch
    at fetchLivePrices (http://localhost:8787/:605:23)
    at refreshAll (http://localhost:8787/:673:13) @ http://localhost:8787/:614
[   89999ms] [ERROR] Access to fetch at 'https://api.coingecko.com/api/v3/simple/price?ids=bitcoin,ethereum,solana&vs_currencies=usd' from origin 'http://localhost:8787' has been blocked by CORS policy: No 'Access-Control-Allow-Origin' header is present on the requested resource. @ http://localhost:8787/:0
[   89999ms] [ERROR] Failed to load resource: net::ERR_FAILED @ https://api.coingecko.com/api/v3/simple/price?ids=bitcoin,ethereum,solana&vs_currencies=usd:0
[   90000ms] [WARNING] CoinGecko fetch failed: TypeError: Failed to fetch
    at fetchLivePrices (http://localhost:8787/:605:23)
    at refreshAll (http://localhost:8787/:673:13) @ http://localhost:8787/:614
[  122837ms] [ERROR] Failed to load resource: net::ERR_EMPTY_RESPONSE @ http://localhost:8787/api/prices:0
[  122839ms] [ERROR] Failed to load resource: net::ERR_CONNECTION_REFUSED @ http://localhost:8787/api/update-prices:0
[  122839ms] [WARNING] Price push failed: TypeError: Failed to fetch
    at apiPost (http://localhost:8787/:565:23)
    at fetchLivePrices (http://localhost:8787/:631:15)
    at async refreshAll (http://localhost:8787/:673:7) @ http://localhost:8787/:631
[  122841ms] [ERROR] Failed to load resource: net::ERR_CONNECTION_REFUSED @ http://localhost:8787/api/portfolio:0
[  209746ms] [ERROR] Failed to load resource: net::ERR_CONNECTION_REFUSED @ http://localhost:8787/api/portfolio:0
[  209747ms] [ERROR] Refresh error: TypeError: Failed to fetch
    at apiGet (http://localhost:8787/:559:23)
    at fetchPortfolio (http://localhost:8787/:638:23)
    at refreshAll (http://localhost:8787/:660:26) @ http://localhost:8787/:665
[  209750ms] [ERROR] Failed to load resource: net::ERR_CONNECTION_REFUSED @ http://localhost:8787/api/signals:0
[  209751ms] [ERROR] Failed to load resource: net::ERR_CONNECTION_REFUSED @ http://localhost:8787/api/history:0
[  210002ms] [ERROR] Access to fetch at 'https://api.coingecko.com/api/v3/simple/price?ids=bitcoin,ethereum,solana&vs_currencies=usd' from origin 'http://localhost:8787' has been blocked by CORS policy: No 'Access-Control-Allow-Origin' header is present on the requested resource. @ http://localhost:8787/:0
[  210002ms] [ERROR] Failed to load resource: net::ERR_FAILED @ https://api.coingecko.com/api/v3/simple/price?ids=bitcoin,ethereum,solana&vs_currencies=usd:0
[  210002ms] [WARNING] CoinGecko fetch failed: TypeError: Failed to fetch
    at fetchLivePrices (http://localhost:8787/:605:23)
    at refreshAll (http://localhost:8787/:673:13) @ http://localhost:8787/:614
[  210004ms] [ERROR] Failed to load resource: net::ERR_CONNECTION_REFUSED @ http://localhost:8787/api/prices:0
[  210005ms] [ERROR] Failed to load resource: net::ERR_CONNECTION_REFUSED @ http://localhost:8787/api/portfolio:0
[  240015ms] [ERROR] Access to fetch at 'https://api.coingecko.com/api/v3/simple/price?ids=bitcoin,ethereum,solana&vs_currencies=usd' from origin 'http://localhost:8787' has been blocked by CORS policy: No 'Access-Control-Allow-Origin' header is present on the requested resource. @ http://localhost:8787/:0
[  240015ms] [ERROR] Failed to load resource: net::ERR_FAILED @ https://api.coingecko.com/api/v3/simple/price?ids=bitcoin,ethereum,solana&vs_currencies=usd:0
[  240016ms] [WARNING] CoinGecko fetch failed: TypeError: Failed to fetch
    at fetchLivePrices (http://localhost:8787/:605:23)
    at refreshAll (http://localhost:8787/:673:13) @ http://localhost:8787/:614
[  245335ms] [ERROR] Failed to load resource: net::ERR_EMPTY_RESPONSE @ http://localhost:8787/api/prices:0
[  245337ms] [ERROR] Failed to load resource: net::ERR_CONNECTION_REFUSED @ http://localhost:8787/api/portfolio:0
[  431315ms] [ERROR] Access to fetch at 'https://api.coingecko.com/api/v3/simple/price?ids=bitcoin,ethereum,solana&vs_currencies=usd' from origin 'http://localhost:8787' has been blocked by CORS policy: No 'Access-Control-Allow-Origin' header is present on the requested resource. @ http://localhost:8787/:0
[  431315ms] [ERROR] Failed to load resource: net::ERR_FAILED @ https://api.coingecko.com/api/v3/simple/price?ids=bitcoin,ethereum,solana&vs_currencies=usd:0
[  431315ms] [WARNING] CoinGecko fetch failed: TypeError: Failed to fetch
    at fetchLivePrices (http://localhost:8787/:605:23)
    at refreshAll (http://localhost:8787/:673:13) @ http://localhost:8787/:614
[  299749ms] [ERROR] Failed to load resource: net::ERR_CONNECTION_REFUSED @ http://localhost:8787/api/portfolio:0
[  299749ms] [ERROR] Refresh error: TypeError: Failed to fetch
    at apiGet (http://localhost:8787/:559:23)
    at fetchPortfolio (http://localhost:8787/:638:23)
    at refreshAll (http://localhost:8787/:660:26) @ http://localhost:8787/:665
[  299750ms] [ERROR] Failed to load resource: net::ERR_CONNECTION_REFUSED @ http://localhost:8787/api/signals:0
[  299750ms] [ERROR] Failed to load resource: net::ERR_CONNECTION_REFUSED @ http://localhost:8787/api/history:0
[  300056ms] [ERROR] Failed to load resource: net::ERR_CONNECTION_REFUSED @ http://localhost:8787/api/prices:0
[  300059ms] [ERROR] Failed to load resource: net::ERR_CONNECTION_REFUSED @ http://localhost:8787/api/update-prices:0
[  300059ms] [WARNING] Price push failed: TypeError: Failed to fetch
    at apiPost (http://localhost:8787/:565:23)
    at fetchLivePrices (http://localhost:8787/:631:15)
    at async refreshAll (http://localhost:8787/:673:7) @ http://localhost:8787/:631
[  300061ms] [ERROR] Failed to load resource: net::ERR_CONNECTION_REFUSED @ http://localhost:8787/api/portfolio:0
[  389854ms] [ERROR] Access to fetch at 'https://api.coingecko.com/api/v3/simple/price?ids=bitcoin,ethereum,solana&vs_currencies=usd' from origin 'http://localhost:8787' has been blocked by CORS policy: No 'Access-Control-Allow-Origin' header is present on the requested resource. @ http://localhost:8787/:0
[  389854ms] [ERROR] Failed to load resource: net::ERR_FAILED @ https://api.coingecko.com/api/v3/simple/price?ids=bitcoin,ethereum,solana&vs_currencies=usd:0
[  389854ms] [WARNING] CoinGecko fetch failed: TypeError: Failed to fetch
    at fetchLivePrices (http://localhost:8787/:605:23)
    at refreshAll (http://localhost:8787/:673:13) @ http://localhost:8787/:614
[  581141ms] [ERROR] Access to fetch at 'https://api.coingecko.com/api/v3/simple/price?ids=bitcoin,ethereum,solana&vs_currencies=usd' from origin 'http://localhost:8787' has been blocked by CORS policy: No 'Access-Control-Allow-Origin' header is present on the requested resource. @ http://localhost:8787/:0
[  581142ms] [ERROR] Failed to load resource: net::ERR_FAILED @ https://api.coingecko.com/api/v3/simple/price?ids=bitcoin,ethereum,solana&vs_currencies=usd:0
[  581142ms] [WARNING] CoinGecko fetch failed: TypeError: Failed to fetch
    at fetchLivePrices (http://localhost:8787/:605:23)
    at refreshAll (http://localhost:8787/:673:13) @ http://localhost:8787/:614
[  449859ms] [ERROR] Access to fetch at 'https://api.coingecko.com/api/v3/simple/price?ids=bitcoin,ethereum,solana&vs_currencies=usd' from origin 'http://localhost:8787' has been blocked by CORS policy: No 'Access-Control-Allow-Origin' header is present on the requested resource. @ http://localhost:8787/:0
[  449859ms] [ERROR] Failed to load resource: net::ERR_FAILED @ https://api.coingecko.com/api/v3/simple/price?ids=bitcoin,ethereum,solana&vs_currencies=usd:0
[  449859ms] [WARNING] CoinGecko fetch failed: TypeError: Failed to fetch
    at fetchLivePrices (http://localhost:8787/:605:23)
    at refreshAll (http://localhost:8787/:673:13) @ http://localhost:8787/:614
[  540797ms] [ERROR] Failed to load resource: net::ERR_EMPTY_RESPONSE @ http://localhost:8787/api/prices:0
[  540799ms] [ERROR] Failed to load resource: net::ERR_CONNECTION_REFUSED @ http://localhost:8787/api/update-prices:0
[  540799ms] [WARNING] Price push failed: TypeError: Failed to fetch
    at apiPost (http://localhost:8787/:565:23)
    at fetchLivePrices (http://localhost:8787/:631:15)
    at async refreshAll (http://localhost:8787/:673:7) @ http://localhost:8787/:631
[  540801ms] [ERROR] Failed to load resource: net::ERR_CONNECTION_REFUSED @ http://localhost:8787/api/portfolio:0
[  569863ms] [ERROR] Access to fetch at 'https://api.coingecko.com/api/v3/simple/price?ids=bitcoin,ethereum,solana&vs_currencies=usd' from origin 'http://localhost:8787' has been blocked by CORS policy: No 'Access-Control-Allow-Origin' header is present on the requested resource. @ http://localhost:8787/:0
[  569863ms] [ERROR] Failed to load resource: net::ERR_FAILED @ https://api.coingecko.com/api/v3/simple/price?ids=bitcoin,ethereum,solana&vs_currencies=usd:0
[  569863ms] [WARNING] CoinGecko fetch failed: TypeError: Failed to fetch
    at fetchLivePrices (http://localhost:8787/:605:23)
    at refreshAll (http://localhost:8787/:673:13) @ http://localhost:8787/:614
[  580166ms] [ERROR] Failed to load resource: net::ERR_EMPTY_RESPONSE @ http://localhost:8787/api/prices:0
[  580186ms] [ERROR] Failed to load resource: net::ERR_CONNECTION_REFUSED @ http://localhost:8787/api/portfolio:0
[  599938ms] [ERROR] Access to fetch at 'https://api.coingecko.com/api/v3/simple/price?ids=bitcoin,ethereum,solana&vs_currencies=usd' from origin 'http://localhost:8787' has been blocked by CORS policy: No 'Access-Control-Allow-Origin' header is present on the requested resource. @ http://localhost:8787/:0
[  599939ms] [ERROR] Failed to load resource: net::ERR_FAILED @ https://api.coingecko.com/api/v3/simple/price?ids=bitcoin,ethereum,solana&vs_currencies=usd:0
[  599939ms] [WARNING] CoinGecko fetch failed: TypeError: Failed to fetch
    at fetchLivePrices (http://localhost:8787/:605:23)
    at refreshAll (http://localhost:8787/:673:13) @ http://localhost:8787/:614
[  791138ms] [ERROR] Access to fetch at 'https://api.coingecko.com/api/v3/simple/price?ids=bitcoin,ethereum,solana&vs_currencies=usd' from origin 'http://localhost:8787' has been blocked by CORS policy: No 'Access-Control-Allow-Origin' header is present on the requested resource. @ http://localhost:8787/:0
[  791138ms] [ERROR] Failed to load resource: net::ERR_FAILED @ https://api.coingecko.com/api/v3/simple/price?ids=bitcoin,ethereum,solana&vs_currencies=usd:0
[  791138ms] [WARNING] CoinGecko fetch failed: TypeError: Failed to fetch
    at fetchLivePrices (http://localhost:8787/:605:23)
    at refreshAll (http://localhost:8787/:673:13) @ http://localhost:8787/:614
[  736811ms] [ERROR] Access to fetch at 'https://api.coingecko.com/api/v3/simple/price?ids=bitcoin,ethereum,solana&vs_currencies=usd' from origin 'http://localhost:8787' has been blocked by CORS policy: No 'Access-Control-Allow-Origin' header is present on the requested resource. @ http://localhost:8787/:0
[  736811ms] [ERROR] Failed to load resource: net::ERR_FAILED @ https://api.coingecko.com/api/v3/simple/price?ids=bitcoin,ethereum,solana&vs_currencies=usd:0
[  736811ms] [WARNING] CoinGecko fetch failed: TypeError: Failed to fetch
    at fetchLivePrices (http://localhost:8787/:605:23)
    at refreshAll (http://localhost:8787/:673:13) @ http://localhost:8787/:614
[  928057ms] [ERROR] Access to fetch at 'https://api.coingecko.com/api/v3/simple/price?ids=bitcoin,ethereum,solana&vs_currencies=usd' from origin 'http://localhost:8787' has been blocked by CORS policy: No 'Access-Control-Allow-Origin' header is present on the requested resource. @ http://localhost:8787/:0
[  928057ms] [ERROR] Failed to load resource: net::ERR_FAILED @ https://api.coingecko.com/api/v3/simple/price?ids=bitcoin,ethereum,solana&vs_currencies=usd:0
[  928057ms] [WARNING] CoinGecko fetch failed: TypeError: Failed to fetch
    at fetchLivePrices (http://localhost:8787/:605:23)
    at refreshAll (http://localhost:8787/:673:13) @ http://localhost:8787/:614
[  958097ms] [ERROR] Access to fetch at 'https://api.coingecko.com/api/v3/simple/price?ids=bitcoin,ethereum,solana&vs_currencies=usd' from origin 'http://localhost:8787' has been blocked by CORS policy: No 'Access-Control-Allow-Origin' header is present on the requested resource. @ http://localhost:8787/:0
[  958097ms] [ERROR] Failed to load resource: net::ERR_FAILED @ https://api.coingecko.com/api/v3/simple/price?ids=bitcoin,ethereum,solana&vs_currencies=usd:0
[  958097ms] [WARNING] CoinGecko fetch failed: TypeError: Failed to fetch
    at fetchLivePrices (http://localhost:8787/:605:23)
    at refreshAll (http://localhost:8787/:673:13) @ http://localhost:8787/:614
[  827415ms] [ERROR] Failed to load resource: net::ERR_EMPTY_RESPONSE @ http://localhost:8787/api/prices:0
[  827417ms] [ERROR] Failed to load resource: net::ERR_CONNECTION_REFUSED @ http://localhost:8787/api/update-prices:0
[  827417ms] [WARNING] Price push failed: TypeError: Failed to fetch
    at apiPost (http://localhost:8787/:565:23)
    at fetchLivePrices (http://localhost:8787/:631:15)
    at async refreshAll (http://localhost:8787/:673:7) @ http://localhost:8787/:631
[  827418ms] [ERROR] Failed to load resource: net::ERR_CONNECTION_REFUSED @ http://localhost:8787/api/portfolio:0
